<?xml version="1.0" encoding="UTF-8"?>
<testng-results skipped="0" failed="0" ignored="0" total="1" passed="1">
  <reporter-output>
  </reporter-output>
  <suite name="Default suite" duration-ms="49422" started-at="2020-03-20T14:34:04 EDT" finished-at="2020-03-20T14:34:53 EDT">
    <groups>
    </groups>
    <test name="Default test" duration-ms="49422" started-at="2020-03-20T14:34:04 EDT" finished-at="2020-03-20T14:34:53 EDT">
      <class name="Test.NewTest">
        <test-method status="PASS" signature="beforeClass()[pri:0, instance:Test.NewTest@6acdbdf5]" name="beforeClass" is-config="true" duration-ms="7267" started-at="2020-03-20T14:34:04 EDT" finished-at="2020-03-20T14:34:11 EDT">
          <reporter-output>
          </reporter-output>
        </test-method> <!-- beforeClass -->
        <test-method status="PASS" signature="f()[pri:0, instance:Test.NewTest@6acdbdf5]" name="f" duration-ms="42113" started-at="2020-03-20T14:34:11 EDT" finished-at="2020-03-20T14:34:53 EDT">
          <reporter-output>
          </reporter-output>
        </test-method> <!-- f -->
        <test-method status="PASS" signature="afterClass()[pri:0, instance:Test.NewTest@6acdbdf5]" name="afterClass" is-config="true" duration-ms="1" started-at="2020-03-20T14:34:53 EDT" finished-at="2020-03-20T14:34:53 EDT">
          <reporter-output>
          </reporter-output>
        </test-method> <!-- afterClass -->
      </class> <!-- Test.NewTest -->
    </test> <!-- Default test -->
  </suite> <!-- Default suite -->
</testng-results>
